2025-10-20T00:33:34.249+02:00  WARN 22744 --- [reminder] [HikariPool-1 housekeeper] com.zaxxer.hikari.pool.HikariPool        : HikariPool-1 - Thread starvation or clock leap detected (housekeeper delta=15m28s864ms399µs499ns).
2025-10-20T09:36:46.086+02:00  WARN 22744 --- [reminder] [HikariPool-1 housekeeper] com.zaxxer.hikari.pool.HikariPool        : HikariPool-1 - Thread starvation or clock leap detected (housekeeper delta=9h3m15s817ms395µs801ns).
2025-10-20T09:37:11.294+02:00  INFO 22744 --- [reminder] [SpringApplicationShutdownHook] j.LocalContainerEntityManagerFactoryBean : Closing JPA EntityManagerFactory for persistence unit 'default'
2025-10-20T09:37:11.297+02:00  INFO 22744 --- [reminder] [SpringApplicationShutdownHook] com.zaxxer.hikari.HikariDataSource       : HikariPool-1 - Shutdown initiated...
2025-10-20T09:37:11.302+02:00  INFO 22744 --- [reminder] [SpringApplicationShutdownHook] com.zaxxer.hikari.HikariDataSource       : HikariPool-1 - Shutdown completed.
2025-10-20T12:37:23.353+02:00  INFO 7372 --- [reminder] [main] c.example.reminder.ReminderApplication   : Starting ReminderApplication using Java 21.0.8 with PID 7372 (C:\Java-Spring\reminder\target\classes started by zhila in C:\Java-Spring\reminder)
2025-10-20T12:37:23.358+02:00  INFO 7372 --- [reminder] [main] c.example.reminder.ReminderApplication   : No active profile set, falling back to 1 default profile: "default"
2025-10-20T12:37:25.059+02:00  INFO 7372 --- [reminder] [main] .s.d.r.c.RepositoryConfigurationDelegate : Bootstrapping Spring Data JPA repositories in DEFAULT mode.
2025-10-20T12:37:25.183+02:00  INFO 7372 --- [reminder] [main] .s.d.r.c.RepositoryConfigurationDelegate : Finished Spring Data repository scanning in 105 ms. Found 1 JPA repository interface.
2025-10-20T12:37:26.425+02:00  INFO 7372 --- [reminder] [main] o.s.b.w.embedded.tomcat.TomcatWebServer  : Tomcat initialized with port 9090 (http)
2025-10-20T12:37:26.450+02:00  INFO 7372 --- [reminder] [main] o.apache.catalina.core.StandardService   : Starting service [Tomcat]
2025-10-20T12:37:26.450+02:00  INFO 7372 --- [reminder] [main] o.apache.catalina.core.StandardEngine    : Starting Servlet engine: [Apache Tomcat/10.1.30]
2025-10-20T12:37:26.598+02:00  INFO 7372 --- [reminder] [main] o.a.c.c.C.[Tomcat].[localhost].[/]       : Initializing Spring embedded WebApplicationContext
2025-10-20T12:37:26.600+02:00  INFO 7372 --- [reminder] [main] w.s.c.ServletWebServerApplicationContext : Root WebApplicationContext: initialization completed in 3150 ms
2025-10-20T12:37:26.864+02:00  INFO 7372 --- [reminder] [main] o.hibernate.jpa.internal.util.LogHelper  : HHH000204: Processing PersistenceUnitInfo [name: default]
2025-10-20T12:37:26.969+02:00  INFO 7372 --- [reminder] [main] org.hibernate.Version                    : HHH000412: Hibernate ORM core version 6.5.3.Final
2025-10-20T12:37:27.020+02:00  INFO 7372 --- [reminder] [main] o.h.c.internal.RegionFactoryInitiator    : HHH000026: Second-level cache disabled
2025-10-20T12:37:27.513+02:00  INFO 7372 --- [reminder] [main] o.s.o.j.p.SpringPersistenceUnitInfo      : No LoadTimeWeaver setup: ignoring JPA class transformer
2025-10-20T12:37:27.556+02:00  INFO 7372 --- [reminder] [main] com.zaxxer.hikari.HikariDataSource       : HikariPool-1 - Starting...
2025-10-20T12:37:27.764+02:00  INFO 7372 --- [reminder] [main] com.zaxxer.hikari.pool.HikariPool        : HikariPool-1 - Added connection com.mysql.cj.jdbc.ConnectionImpl@3c488b34
2025-10-20T12:37:27.768+02:00  INFO 7372 --- [reminder] [main] com.zaxxer.hikari.HikariDataSource       : HikariPool-1 - Start completed.
2025-10-20T12:37:27.830+02:00  WARN 7372 --- [reminder] [main] org.hibernate.orm.deprecation            : HHH90000025: MySQL8Dialect does not need to be specified explicitly using 'hibernate.dialect' (remove the property setting and it will be selected by default)
2025-10-20T12:37:27.830+02:00  WARN 7372 --- [reminder] [main] org.hibernate.orm.deprecation            : HHH90000026: MySQL8Dialect has been deprecated; use org.hibernate.dialect.MySQLDialect instead
2025-10-20T12:37:28.916+02:00  INFO 7372 --- [reminder] [main] o.h.e.t.j.p.i.JtaPlatformInitiator       : HHH000489: No JTA platform available (set 'hibernate.transaction.jta.platform' to enable JTA platform integration)
2025-10-20T12:37:29.009+02:00  INFO 7372 --- [reminder] [main] j.LocalContainerEntityManagerFactoryBean : Initialized JPA EntityManagerFactory for persistence unit 'default'
2025-10-20T12:37:29.395+02:00  INFO 7372 --- [reminder] [main] o.s.d.j.r.query.QueryEnhancerFactory     : Hibernate is in classpath; If applicable, HQL parser will be used.
2025-10-20T12:37:30.252+02:00  WARN 7372 --- [reminder] [main] JpaBaseConfiguration$JpaWebConfiguration : spring.jpa.open-in-view is enabled by default. Therefore, database queries may be performed during view rendering. Explicitly configure spring.jpa.open-in-view to disable this warning
2025-10-20T12:37:30.920+02:00  INFO 7372 --- [reminder] [main] o.s.b.w.embedded.tomcat.TomcatWebServer  : Tomcat started on port 9090 (http) with context path '/'
2025-10-20T12:37:30.933+02:00  INFO 7372 --- [reminder] [main] c.example.reminder.ReminderApplication   : Started ReminderApplication in 8.521 seconds (process running for 9.455)
2025-10-20T12:37:31.203+02:00  INFO 7372 --- [reminder] [http-nio-9090-exec-1] o.a.c.c.C.[Tomcat].[localhost].[/]       : Initializing Spring DispatcherServlet 'dispatcherServlet'
2025-10-20T12:37:31.203+02:00  INFO 7372 --- [reminder] [http-nio-9090-exec-1] o.s.web.servlet.DispatcherServlet        : Initializing Servlet 'dispatcherServlet'
2025-10-20T12:37:31.207+02:00  INFO 7372 --- [reminder] [http-nio-9090-exec-1] o.s.web.servlet.DispatcherServlet        : Completed initialization in 4 ms
2025-10-20T12:37:31.382+02:00  INFO 7372 --- [reminder] [http-nio-9090-exec-1] c.e.reminder.controller.EventController  : Get /api/evets -> 6 items
2025-10-20T12:40:12.908+02:00  INFO 7372 --- [reminder] [http-nio-9090-exec-4] c.e.reminder.controller.EventController  : Get /api/evets -> 6 items
2025-10-20T12:41:50.250+02:00  INFO 7372 --- [reminder] [http-nio-9090-exec-6] c.e.reminder.controller.EventController  : Get /api/evets -> 6 items
2025-10-20T12:42:20.088+02:00  INFO 7372 --- [reminder] [http-nio-9090-exec-7] c.e.reminder.controller.EventController  : Get /api/evets -> 6 items
2025-10-20T12:45:00.563+02:00  INFO 7372 --- [reminder] [http-nio-9090-exec-9] c.e.reminder.controller.EventController  : Get /api/evets -> 6 items
2025-10-20T12:45:14.544+02:00  INFO 7372 --- [reminder] [http-nio-9090-exec-10] c.e.reminder.controller.EventController  : Get /api/evets -> 6 items
2025-10-20T12:45:51.450+02:00  INFO 7372 --- [reminder] [http-nio-9090-exec-1] c.e.reminder.controller.EventController  : Get /api/evets -> 6 items
2025-10-20T12:45:52.658+02:00  INFO 7372 --- [reminder] [http-nio-9090-exec-2] c.e.reminder.controller.EventController  : Get /api/evets -> 6 items
2025-10-20T12:45:57.200+02:00  INFO 7372 --- [reminder] [http-nio-9090-exec-5] c.e.reminder.controller.EventController  : Get /api/evets -> 6 items
2025-10-20T12:46:00.392+02:00  INFO 7372 --- [reminder] [http-nio-9090-exec-4] c.e.reminder.controller.EventController  : Get /api/evets -> 6 items
2025-10-20T12:46:11.079+02:00  INFO 7372 --- [reminder] [http-nio-9090-exec-3] c.e.reminder.controller.EventController  : Get /api/evets -> 6 items
2025-10-20T12:46:26.970+02:00  INFO 7372 --- [reminder] [http-nio-9090-exec-6] c.e.reminder.controller.EventController  : Get /api/evets -> 6 items
2025-10-20T12:46:29.375+02:00  INFO 7372 --- [reminder] [http-nio-9090-exec-7] c.e.reminder.controller.EventController  : Get /api/evets -> 6 items
2025-10-20T12:46:31.493+02:00  INFO 7372 --- [reminder] [http-nio-9090-exec-8] c.e.reminder.controller.EventController  : Get /api/evets -> 6 items
2025-10-20T12:46:34.885+02:00  INFO 7372 --- [reminder] [http-nio-9090-exec-9] c.e.reminder.controller.EventController  : Get /api/evets -> 6 items
2025-10-20T12:46:43.662+02:00  INFO 7372 --- [reminder] [http-nio-9090-exec-10] c.e.reminder.controller.EventController  : Get /api/evets -> 6 items
2025-10-20T12:51:25.254+02:00  INFO 7372 --- [reminder] [http-nio-9090-exec-2] c.e.reminder.controller.EventController  : Get /api/evets -> 6 items
2025-10-20T12:51:28.537+02:00  INFO 7372 --- [reminder] [http-nio-9090-exec-5] c.e.reminder.controller.EventController  : Get /api/evets -> 6 items
2025-10-20T12:51:31.632+02:00  INFO 7372 --- [reminder] [http-nio-9090-exec-4] c.e.reminder.controller.EventController  : Get /api/evets -> 6 items
2025-10-20T12:51:34.758+02:00  INFO 7372 --- [reminder] [http-nio-9090-exec-3] c.e.reminder.controller.EventController  : Get /api/evets -> 6 items
2025-10-20T12:58:02.947+02:00  INFO 7372 --- [reminder] [http-nio-9090-exec-7] c.e.reminder.controller.EventController  : Get /api/evets -> 6 items
2025-10-20T12:58:43.753+02:00  INFO 7372 --- [reminder] [http-nio-9090-exec-8] c.e.reminder.controller.EventController  : Get /api/evets -> 6 items
2025-10-20T12:59:02.773+02:00  INFO 7372 --- [reminder] [http-nio-9090-exec-9] c.e.reminder.controller.EventController  : Get /api/evets -> 6 items
2025-10-20T15:30:14.808+02:00  INFO 7372 --- [reminder] [http-nio-9090-exec-1] c.e.reminder.controller.EventController  : Get /api/evets -> 6 items
2025-10-20T15:30:16.982+02:00  INFO 7372 --- [reminder] [http-nio-9090-exec-2] c.e.reminder.controller.EventController  : Get /api/evets -> 6 items
2025-10-20T15:30:19.073+02:00  INFO 7372 --- [reminder] [http-nio-9090-exec-5] c.e.reminder.controller.EventController  : Get /api/evets -> 6 items
2025-10-20T15:31:26.656+02:00  INFO 7372 --- [reminder] [http-nio-9090-exec-3] c.e.reminder.controller.EventController  : Get /api/evets -> 6 items
2025-10-20T15:31:31.801+02:00  INFO 7372 --- [reminder] [http-nio-9090-exec-6] c.e.reminder.controller.EventController  : Get /api/evets -> 6 items
2025-10-20T15:31:34.899+02:00  INFO 7372 --- [reminder] [http-nio-9090-exec-7] c.e.reminder.controller.EventController  : Get /api/evets -> 6 items
2025-10-20T15:34:45.029+02:00  INFO 7372 --- [reminder] [http-nio-9090-exec-9] c.e.reminder.controller.EventController  : Get /api/evets -> 6 items
2025-10-20T15:35:22.780+02:00  INFO 7372 --- [reminder] [http-nio-9090-exec-10] c.e.reminder.controller.EventController  : Get /api/evets -> 6 items
2025-10-20T15:35:53.581+02:00  INFO 7372 --- [reminder] [http-nio-9090-exec-1] c.e.reminder.controller.EventController  : Get /api/evets -> 6 items
2025-10-20T15:36:32.782+02:00  INFO 7372 --- [reminder] [http-nio-9090-exec-2] c.e.reminder.controller.EventController  : Get /api/evets -> 6 items
2025-10-20T15:37:28.741+02:00  INFO 7372 --- [reminder] [http-nio-9090-exec-4] c.e.reminder.controller.EventController  : Post /api/events -> created id=14 , title=Test-20October
2025-10-20T15:37:28.852+02:00  INFO 7372 --- [reminder] [http-nio-9090-exec-3] c.e.reminder.controller.EventController  : Get /api/evets -> 7 items
2025-10-20T15:37:37.626+02:00  INFO 7372 --- [reminder] [http-nio-9090-exec-7] c.e.reminder.controller.EventController  : Delete /api/events/14 -> deleted
2025-10-20T15:37:37.637+02:00  INFO 7372 --- [reminder] [http-nio-9090-exec-8] c.e.reminder.controller.EventController  : Get /api/evets -> 6 items
2025-10-20T15:38:30.906+02:00  INFO 7372 --- [reminder] [http-nio-9090-exec-9] c.e.reminder.controller.EventController  : Post /api/events -> created id=15 , title=Test-20-Oktober
2025-10-20T15:38:31.002+02:00  INFO 7372 --- [reminder] [http-nio-9090-exec-10] c.e.reminder.controller.EventController  : Get /api/evets -> 7 items
2025-10-20T15:40:39.513+02:00  INFO 7372 --- [reminder] [SpringApplicationShutdownHook] j.LocalContainerEntityManagerFactoryBean : Closing JPA EntityManagerFactory for persistence unit 'default'
2025-10-20T15:40:39.517+02:00  INFO 7372 --- [reminder] [SpringApplicationShutdownHook] com.zaxxer.hikari.HikariDataSource       : HikariPool-1 - Shutdown initiated...
2025-10-20T15:40:39.522+02:00  INFO 7372 --- [reminder] [SpringApplicationShutdownHook] com.zaxxer.hikari.HikariDataSource       : HikariPool-1 - Shutdown completed.
2025-10-20T18:05:37.743+02:00  INFO 28920 --- [reminder] [main] c.example.reminder.ReminderApplication   : Starting ReminderApplication using Java 21.0.8 with PID 28920 (C:\Java-Spring\reminder\target\classes started by zhila in C:\Java-Spring\reminder)
2025-10-20T18:05:37.743+02:00  INFO 28920 --- [reminder] [main] c.example.reminder.ReminderApplication   : No active profile set, falling back to 1 default profile: "default"
2025-10-20T18:05:39.463+02:00  INFO 28920 --- [reminder] [main] .s.d.r.c.RepositoryConfigurationDelegate : Bootstrapping Spring Data JPA repositories in DEFAULT mode.
2025-10-20T18:05:39.584+02:00  INFO 28920 --- [reminder] [main] .s.d.r.c.RepositoryConfigurationDelegate : Finished Spring Data repository scanning in 102 ms. Found 1 JPA repository interface.
2025-10-20T18:05:40.665+02:00  INFO 28920 --- [reminder] [main] o.s.b.w.embedded.tomcat.TomcatWebServer  : Tomcat initialized with port 9090 (http)
2025-10-20T18:05:40.697+02:00  INFO 28920 --- [reminder] [main] o.apache.catalina.core.StandardService   : Starting service [Tomcat]
2025-10-20T18:05:40.698+02:00  INFO 28920 --- [reminder] [main] o.apache.catalina.core.StandardEngine    : Starting Servlet engine: [Apache Tomcat/10.1.30]
2025-10-20T18:05:40.797+02:00  INFO 28920 --- [reminder] [main] o.a.c.c.C.[Tomcat].[localhost].[/]       : Initializing Spring embedded WebApplicationContext
2025-10-20T18:05:40.798+02:00  INFO 28920 --- [reminder] [main] w.s.c.ServletWebServerApplicationContext : Root WebApplicationContext: initialization completed in 2943 ms
2025-10-20T18:05:41.051+02:00  INFO 28920 --- [reminder] [main] o.hibernate.jpa.internal.util.LogHelper  : HHH000204: Processing PersistenceUnitInfo [name: default]
2025-10-20T18:05:41.160+02:00  INFO 28920 --- [reminder] [main] org.hibernate.Version                    : HHH000412: Hibernate ORM core version 6.5.3.Final
2025-10-20T18:05:41.208+02:00  INFO 28920 --- [reminder] [main] o.h.c.internal.RegionFactoryInitiator    : HHH000026: Second-level cache disabled
2025-10-20T18:05:41.666+02:00  INFO 28920 --- [reminder] [main] o.s.o.j.p.SpringPersistenceUnitInfo      : No LoadTimeWeaver setup: ignoring JPA class transformer
2025-10-20T18:05:41.729+02:00  INFO 28920 --- [reminder] [main] com.zaxxer.hikari.HikariDataSource       : HikariPool-1 - Starting...
2025-10-20T18:05:42.000+02:00  INFO 28920 --- [reminder] [main] com.zaxxer.hikari.pool.HikariPool        : HikariPool-1 - Added connection com.mysql.cj.jdbc.ConnectionImpl@4b98225c
2025-10-20T18:05:42.000+02:00  INFO 28920 --- [reminder] [main] com.zaxxer.hikari.HikariDataSource       : HikariPool-1 - Start completed.
2025-10-20T18:05:42.062+02:00  WARN 28920 --- [reminder] [main] org.hibernate.orm.deprecation            : HHH90000025: MySQL8Dialect does not need to be specified explicitly using 'hibernate.dialect' (remove the property setting and it will be selected by default)
2025-10-20T18:05:42.064+02:00  WARN 28920 --- [reminder] [main] org.hibernate.orm.deprecation            : HHH90000026: MySQL8Dialect has been deprecated; use org.hibernate.dialect.MySQLDialect instead
2025-10-20T18:05:43.006+02:00  INFO 28920 --- [reminder] [main] o.h.e.t.j.p.i.JtaPlatformInitiator       : HHH000489: No JTA platform available (set 'hibernate.transaction.jta.platform' to enable JTA platform integration)
2025-10-20T18:05:43.083+02:00  INFO 28920 --- [reminder] [main] j.LocalContainerEntityManagerFactoryBean : Initialized JPA EntityManagerFactory for persistence unit 'default'
2025-10-20T18:05:43.518+02:00  INFO 28920 --- [reminder] [main] o.s.d.j.r.query.QueryEnhancerFactory     : Hibernate is in classpath; If applicable, HQL parser will be used.
2025-10-20T18:05:44.348+02:00  WARN 28920 --- [reminder] [main] JpaBaseConfiguration$JpaWebConfiguration : spring.jpa.open-in-view is enabled by default. Therefore, database queries may be performed during view rendering. Explicitly configure spring.jpa.open-in-view to disable this warning
2025-10-20T18:05:44.987+02:00  INFO 28920 --- [reminder] [main] o.s.b.w.embedded.tomcat.TomcatWebServer  : Tomcat started on port 9090 (http) with context path '/'
2025-10-20T18:05:45.001+02:00  INFO 28920 --- [reminder] [main] c.example.reminder.ReminderApplication   : Started ReminderApplication in 8.199 seconds (process running for 9.009)
2025-10-20T18:05:53.280+02:00  INFO 28920 --- [reminder] [http-nio-9090-exec-1] o.a.c.c.C.[Tomcat].[localhost].[/]       : Initializing Spring DispatcherServlet 'dispatcherServlet'
2025-10-20T18:05:53.280+02:00  INFO 28920 --- [reminder] [http-nio-9090-exec-1] o.s.web.servlet.DispatcherServlet        : Initializing Servlet 'dispatcherServlet'
2025-10-20T18:05:53.280+02:00  INFO 28920 --- [reminder] [http-nio-9090-exec-1] o.s.web.servlet.DispatcherServlet        : Completed initialization in 0 ms
2025-10-20T18:05:53.652+02:00  INFO 28920 --- [reminder] [http-nio-9090-exec-1] c.e.reminder.controller.EventController  : Get /api/evets -> 7 items
2025-10-20T18:10:38.517+02:00  INFO 28920 --- [reminder] [http-nio-9090-exec-4] c.e.reminder.controller.EventController  : Get /api/evets -> 7 items
2025-10-20T18:11:01.344+02:00  INFO 28920 --- [reminder] [http-nio-9090-exec-5] c.e.reminder.controller.EventController  : Get /api/evets -> 7 items
2025-10-20T18:11:15.876+02:00  INFO 28920 --- [reminder] [http-nio-9090-exec-6] c.e.reminder.controller.EventController  : Post /api/events -> created id=16 , title=hkjhjkh
2025-10-20T18:11:16.025+02:00  INFO 28920 --- [reminder] [http-nio-9090-exec-7] c.e.reminder.controller.EventController  : Get /api/evets -> 8 items
2025-10-20T18:11:20.628+02:00  INFO 28920 --- [reminder] [http-nio-9090-exec-9] c.e.reminder.controller.EventController  : Delete /api/events/16 -> deleted
2025-10-20T18:11:20.660+02:00  INFO 28920 --- [reminder] [http-nio-9090-exec-10] c.e.reminder.controller.EventController  : Get /api/evets -> 7 items
2025-10-20T18:13:02.529+02:00  INFO 28920 --- [reminder] [http-nio-9090-exec-3] c.e.reminder.controller.EventController  : Delete /api/events/15 -> deleted
2025-10-20T18:13:02.547+02:00  INFO 28920 --- [reminder] [http-nio-9090-exec-4] c.e.reminder.controller.EventController  : Get /api/evets -> 6 items
2025-10-20T18:13:17.788+02:00  INFO 28920 --- [reminder] [http-nio-9090-exec-5] c.e.reminder.controller.EventController  : Post /api/events -> created id=17 , title=Test-20-Oktober
2025-10-20T18:13:17.889+02:00  INFO 28920 --- [reminder] [http-nio-9090-exec-6] c.e.reminder.controller.EventController  : Get /api/evets -> 7 items
2025-10-20T18:19:19.797+02:00  INFO 28920 --- [reminder] [http-nio-9090-exec-9] c.e.reminder.controller.EventController  : Delete /api/events/17 -> deleted
2025-10-20T18:19:19.810+02:00  INFO 28920 --- [reminder] [http-nio-9090-exec-10] c.e.reminder.controller.EventController  : Get /api/evets -> 6 items
2025-10-20T18:19:42.807+02:00  INFO 28920 --- [reminder] [http-nio-9090-exec-1] c.e.reminder.controller.EventController  : Post /api/events -> created id=18 , title=	Test-20-Oktober
2025-10-20T18:19:42.920+02:00  INFO 28920 --- [reminder] [http-nio-9090-exec-2] c.e.reminder.controller.EventController  : Get /api/evets -> 7 items
2025-10-20T18:24:02.661+02:00  INFO 28920 --- [reminder] [http-nio-9090-exec-5] c.e.reminder.controller.EventController  : Get /api/evets -> 7 items
2025-10-20T18:24:24.130+02:00  INFO 28920 --- [reminder] [http-nio-9090-exec-7] c.e.reminder.controller.EventController  : Delete /api/events/18 -> deleted
2025-10-20T18:24:24.142+02:00  INFO 28920 --- [reminder] [http-nio-9090-exec-8] c.e.reminder.controller.EventController  : Get /api/evets -> 6 items
2025-10-20T18:24:35.042+02:00  INFO 28920 --- [reminder] [http-nio-9090-exec-9] c.e.reminder.controller.EventController  : Post /api/events -> created id=19 , title=Test-20-Oktober
2025-10-20T18:24:35.138+02:00  INFO 28920 --- [reminder] [http-nio-9090-exec-10] c.e.reminder.controller.EventController  : Get /api/evets -> 7 items
2025-10-20T18:25:31.210+02:00  INFO 28920 --- [reminder] [http-nio-9090-exec-2] c.e.reminder.controller.EventController  : Delete /api/events/19 -> deleted
2025-10-20T18:25:31.215+02:00  INFO 28920 --- [reminder] [http-nio-9090-exec-3] c.e.reminder.controller.EventController  : Get /api/evets -> 6 items
2025-10-20T18:25:35.275+02:00  INFO 28920 --- [reminder] [http-nio-9090-exec-4] c.e.reminder.controller.EventController  : Get /api/evets -> 6 items
2025-10-20T18:27:49.198+02:00  INFO 28920 --- [reminder] [http-nio-9090-exec-6] c.e.reminder.controller.EventController  : Get /api/evets -> 6 items
2025-10-20T18:27:52.307+02:00  INFO 28920 --- [reminder] [http-nio-9090-exec-7] c.e.reminder.controller.EventController  : Get /api/evets -> 6 items
2025-10-20T18:28:02.263+02:00  INFO 28920 --- [reminder] [http-nio-9090-exec-8] c.e.reminder.controller.EventController  : Get /api/evets -> 6 items
2025-10-20T18:28:10.457+02:00  INFO 28920 --- [reminder] [http-nio-9090-exec-9] c.e.reminder.controller.EventController  : Get /api/evets -> 6 items
2025-10-20T18:28:14.576+02:00  INFO 28920 --- [reminder] [http-nio-9090-exec-10] c.e.reminder.controller.EventController  : Get /api/evets -> 6 items
2025-10-20T18:28:20.301+02:00  INFO 28920 --- [reminder] [http-nio-9090-exec-1] c.e.reminder.controller.EventController  : Get /api/evets -> 6 items
2025-10-20T18:30:08.640+02:00  INFO 28920 --- [reminder] [http-nio-9090-exec-3] c.e.reminder.controller.EventController  : Get /api/evets -> 6 items
2025-10-20T18:30:55.503+02:00  INFO 28920 --- [reminder] [http-nio-9090-exec-4] c.e.reminder.controller.EventController  : Get /api/evets -> 6 items
2025-10-20T18:30:56.889+02:00  INFO 28920 --- [reminder] [http-nio-9090-exec-5] c.e.reminder.controller.EventController  : Get /api/evets -> 6 items
2025-10-20T18:31:06.221+02:00  INFO 28920 --- [reminder] [http-nio-9090-exec-6] c.e.reminder.controller.EventController  : Get /api/evets -> 6 items
2025-10-20T18:34:00.380+02:00  INFO 28920 --- [reminder] [http-nio-9090-exec-1] c.e.reminder.controller.EventController  : Post /api/events -> created id=20 , title=reminderDate
2025-10-20T18:34:00.493+02:00  INFO 28920 --- [reminder] [http-nio-9090-exec-2] c.e.reminder.controller.EventController  : Get /api/evets -> 7 items
2025-10-20T18:34:18.990+02:00  INFO 28920 --- [reminder] [http-nio-9090-exec-4] c.e.reminder.controller.EventController  : Put /api/events/20 -> updated
2025-10-20T18:34:19.097+02:00  INFO 28920 --- [reminder] [http-nio-9090-exec-5] c.e.reminder.controller.EventController  : Get /api/evets -> 7 items
2025-10-20T18:35:38.362+02:00  INFO 28920 --- [reminder] [SpringApplicationShutdownHook] j.LocalContainerEntityManagerFactoryBean : Closing JPA EntityManagerFactory for persistence unit 'default'
2025-10-20T18:35:38.364+02:00  INFO 28920 --- [reminder] [SpringApplicationShutdownHook] com.zaxxer.hikari.HikariDataSource       : HikariPool-1 - Shutdown initiated...
2025-10-20T18:35:38.367+02:00  INFO 28920 --- [reminder] [SpringApplicationShutdownHook] com.zaxxer.hikari.HikariDataSource       : HikariPool-1 - Shutdown completed.
